Array size =     1024, Block size =    8, Performance =  0.013 GigaMultsPerSecond
Array size =     1024, Block size =   16, Performance =  0.020 GigaMultsPerSecond
Array size =     1024, Block size =   32, Performance =  0.022 GigaMultsPerSecond
Array size =     1024, Block size =   64, Performance =  0.022 GigaMultsPerSecond
Array size =     1024, Block size =  128, Performance =  0.019 GigaMultsPerSecond
Array size =     1024, Block size =  256, Performance =  0.019 GigaMultsPerSecond
Array size =     1024, Block size =  512, Performance =  0.020 GigaMultsPerSecond

Array size =     2048, Block size =    8, Performance =  0.044 GigaMultsPerSecond
Array size =     2048, Block size =   16, Performance =  0.043 GigaMultsPerSecond
Array size =     2048, Block size =   32, Performance =  0.044 GigaMultsPerSecond
Array size =     2048, Block size =   64, Performance =  0.042 GigaMultsPerSecond
Array size =     2048, Block size =  128, Performance =  0.041 GigaMultsPerSecond
Array size =     2048, Block size =  256, Performance =  0.039 GigaMultsPerSecond
Array size =     2048, Block size =  512, Performance =  0.044 GigaMultsPerSecond

Array size =     4096, Block size =    8, Performance =  0.088 GigaMultsPerSecond
Array size =     4096, Block size =   16, Performance =  0.087 GigaMultsPerSecond
Array size =     4096, Block size =   32, Performance =  0.086 GigaMultsPerSecond
Array size =     4096, Block size =   64, Performance =  0.089 GigaMultsPerSecond
Array size =     4096, Block size =  128, Performance =  0.078 GigaMultsPerSecond
Array size =     4096, Block size =  256, Performance =  0.071 GigaMultsPerSecond
Array size =     4096, Block size =  512, Performance =  0.052 GigaMultsPerSecond

Array size =     8192, Block size =    8, Performance =  0.174 GigaMultsPerSecond
Array size =     8192, Block size =   16, Performance =  0.178 GigaMultsPerSecond
Array size =     8192, Block size =   32, Performance =  0.173 GigaMultsPerSecond
Array size =     8192, Block size =   64, Performance =  0.177 GigaMultsPerSecond
Array size =     8192, Block size =  128, Performance =  0.156 GigaMultsPerSecond
Array size =     8192, Block size =  256, Performance =  0.172 GigaMultsPerSecond
Array size =     8192, Block size =  512, Performance =  0.171 GigaMultsPerSecond

Array size =    16384, Block size =    8, Performance =  0.337 GigaMultsPerSecond
Array size =    16384, Block size =   16, Performance =  0.347 GigaMultsPerSecond
Array size =    16384, Block size =   32, Performance =  0.349 GigaMultsPerSecond
Array size =    16384, Block size =   64, Performance =  0.293 GigaMultsPerSecond
Array size =    16384, Block size =  128, Performance =  0.331 GigaMultsPerSecond
Array size =    16384, Block size =  256, Performance =  0.305 GigaMultsPerSecond
Array size =    16384, Block size =  512, Performance =  0.354 GigaMultsPerSecond

Array size =    32768, Block size =    8, Performance =  0.629 GigaMultsPerSecond
Array size =    32768, Block size =   16, Performance =  0.598 GigaMultsPerSecond
Array size =    32768, Block size =   32, Performance =  0.689 GigaMultsPerSecond
Array size =    32768, Block size =   64, Performance =  0.696 GigaMultsPerSecond
Array size =    32768, Block size =  128, Performance =  0.665 GigaMultsPerSecond
Array size =    32768, Block size =  256, Performance =  0.685 GigaMultsPerSecond
Array size =    32768, Block size =  512, Performance =  0.621 GigaMultsPerSecond

Array size =    65536, Block size =    8, Performance =  1.109 GigaMultsPerSecond
Array size =    65536, Block size =   16, Performance =  1.238 GigaMultsPerSecond
Array size =    65536, Block size =   32, Performance =  1.317 GigaMultsPerSecond
Array size =    65536, Block size =   64, Performance =  1.339 GigaMultsPerSecond
Array size =    65536, Block size =  128, Performance =  1.246 GigaMultsPerSecond
Array size =    65536, Block size =  256, Performance =  1.359 GigaMultsPerSecond
Array size =    65536, Block size =  512, Performance =  1.335 GigaMultsPerSecond

Array size =   131072, Block size =    8, Performance =  1.801 GigaMultsPerSecond
Array size =   131072, Block size =   16, Performance =  2.206 GigaMultsPerSecond
Array size =   131072, Block size =   32, Performance =  2.449 GigaMultsPerSecond
Array size =   131072, Block size =   64, Performance =  2.658 GigaMultsPerSecond
Array size =   131072, Block size =  128, Performance =  2.389 GigaMultsPerSecond
Array size =   131072, Block size =  256, Performance =  2.204 GigaMultsPerSecond
Array size =   131072, Block size =  512, Performance =  2.367 GigaMultsPerSecond

Array size =   262144, Block size =    8, Performance =  0.995 GigaMultsPerSecond
Array size =   262144, Block size =   16, Performance =  0.743 GigaMultsPerSecond
Array size =   262144, Block size =   32, Performance =  1.332 GigaMultsPerSecond
Array size =   262144, Block size =   64, Performance =  1.084 GigaMultsPerSecond
Array size =   262144, Block size =  128, Performance =  1.190 GigaMultsPerSecond
Array size =   262144, Block size =  256, Performance =  1.070 GigaMultsPerSecond
Array size =   262144, Block size =  512, Performance =  1.402 GigaMultsPerSecond

Array size =   524288, Block size =    8, Performance =  1.481 GigaMultsPerSecond
Array size =   524288, Block size =   16, Performance =  0.047 GigaMultsPerSecond
Array size =   524288, Block size =   32, Performance =  2.238 GigaMultsPerSecond
Array size =   524288, Block size =   64, Performance =  2.472 GigaMultsPerSecond
Array size =   524288, Block size =  128, Performance =  0.553 GigaMultsPerSecond
Array size =   524288, Block size =  256, Performance =  2.072 GigaMultsPerSecond
Array size =   524288, Block size =  512, Performance =  2.199 GigaMultsPerSecond

Array size =  1048576, Block size =    8, Performance =  2.518 GigaMultsPerSecond
Array size =  1048576, Block size =   16, Performance =  3.102 GigaMultsPerSecond
Array size =  1048576, Block size =   32, Performance =  4.001 GigaMultsPerSecond
Array size =  1048576, Block size =   64, Performance =  4.568 GigaMultsPerSecond
Array size =  1048576, Block size =  128, Performance =  4.775 GigaMultsPerSecond
Array size =  1048576, Block size =  256, Performance =  4.804 GigaMultsPerSecond
Array size =  1048576, Block size =  512, Performance =  4.738 GigaMultsPerSecond

Array size =  2097152, Block size =    8, Performance =  3.261 GigaMultsPerSecond
Array size =  2097152, Block size =   16, Performance =  4.303 GigaMultsPerSecond
Array size =  2097152, Block size =   32, Performance =  7.116 GigaMultsPerSecond
Array size =  2097152, Block size =   64, Performance =  7.128 GigaMultsPerSecond
Array size =  2097152, Block size =  128, Performance =  7.988 GigaMultsPerSecond
Array size =  2097152, Block size =  256, Performance =  9.058 GigaMultsPerSecond
Array size =  2097152, Block size =  512, Performance =  8.569 GigaMultsPerSecond

Array size =  4194304, Block size =    8, Performance =  3.902 GigaMultsPerSecond
Array size =  4194304, Block size =   16, Performance =  6.541 GigaMultsPerSecond
Array size =  4194304, Block size =   32, Performance =  9.905 GigaMultsPerSecond
Array size =  4194304, Block size =   64, Performance = 13.125 GigaMultsPerSecond
Array size =  4194304, Block size =  128, Performance = 13.907 GigaMultsPerSecond
Array size =  4194304, Block size =  256, Performance = 15.212 GigaMultsPerSecond
Array size =  4194304, Block size =  512, Performance = 10.063 GigaMultsPerSecond

Array size =  8388608, Block size =    8, Performance =  4.245 GigaMultsPerSecond
Array size =  8388608, Block size =   16, Performance =  7.281 GigaMultsPerSecond
Array size =  8388608, Block size =   32, Performance = 12.421 GigaMultsPerSecond
Array size =  8388608, Block size =   64, Performance = 17.390 GigaMultsPerSecond
Array size =  8388608, Block size =  128, Performance = 23.754 GigaMultsPerSecond
Array size =  8388608, Block size =  256, Performance = 23.900 GigaMultsPerSecond
Array size =  8388608, Block size =  512, Performance = 21.695 GigaMultsPerSecond

